<?xml version="1.0" encoding="UTF-8"?>
<testsuite xmlns:xsi="http://www.w3.org/2001/XMLSchema-instance" xsi:noNamespaceSchemaLocation="https://maven.apache.org/surefire/maven-surefire-plugin/xsd/surefire-test-report-3.0.xsd" version="3.0" name="todoAndroid" time="56.729" tests="4" errors="0" skipped="0" failures="0">
  <properties>
    <property name="java.specification.version" value="19"/>
    <property name="sun.jnu.encoding" value="UTF-8"/>
    <property name="java.class.path" value="/Users/kashinsergei/IdeaProjects/test/target/test-classes:/Users/kashinsergei/IdeaProjects/test/target/classes:/Users/kashinsergei/.m2/repository/io/qameta/allure/allure-testng/2.20.0/allure-testng-2.20.0.jar:/Users/kashinsergei/.m2/repository/io/qameta/allure/allure-java-commons/2.20.0/allure-java-commons-2.20.0.jar:/Users/kashinsergei/.m2/repository/io/qameta/allure/allure-model/2.20.0/allure-model-2.20.0.jar:/Users/kashinsergei/.m2/repository/io/qameta/allure/allure-test-filter/2.20.0/allure-test-filter-2.20.0.jar:/Users/kashinsergei/.m2/repository/org/apache/maven/plugins/maven-compiler-plugin/3.8.1/maven-compiler-plugin-3.8.1.jar:/Users/kashinsergei/.m2/repository/org/apache/maven/maven-plugin-api/3.0/maven-plugin-api-3.0.jar:/Users/kashinsergei/.m2/repository/org/apache/maven/maven-model/3.0/maven-model-3.0.jar:/Users/kashinsergei/.m2/repository/org/sonatype/sisu/sisu-inject-plexus/1.4.2/sisu-inject-plexus-1.4.2.jar:/Users/kashinsergei/.m2/repository/org/sonatype/sisu/sisu-inject-bean/1.4.2/sisu-inject-bean-1.4.2.jar:/Users/kashinsergei/.m2/repository/org/sonatype/sisu/sisu-guice/2.1.7/sisu-guice-2.1.7-noaop.jar:/Users/kashinsergei/.m2/repository/org/apache/maven/maven-artifact/3.0/maven-artifact-3.0.jar:/Users/kashinsergei/.m2/repository/org/codehaus/plexus/plexus-utils/2.0.4/plexus-utils-2.0.4.jar:/Users/kashinsergei/.m2/repository/org/apache/maven/maven-core/3.0/maven-core-3.0.jar:/Users/kashinsergei/.m2/repository/org/apache/maven/maven-settings/3.0/maven-settings-3.0.jar:/Users/kashinsergei/.m2/repository/org/apache/maven/maven-settings-builder/3.0/maven-settings-builder-3.0.jar:/Users/kashinsergei/.m2/repository/org/apache/maven/maven-repository-metadata/3.0/maven-repository-metadata-3.0.jar:/Users/kashinsergei/.m2/repository/org/apache/maven/maven-model-builder/3.0/maven-model-builder-3.0.jar:/Users/kashinsergei/.m2/repository/org/apache/maven/maven-aether-provider/3.0/maven-aether-provider-3.0.jar:/Users/kashinsergei/.m2/repository/org/sonatype/aether/aether-impl/1.7/aether-impl-1.7.jar:/Users/kashinsergei/.m2/repository/org/sonatype/aether/aether-spi/1.7/aether-spi-1.7.jar:/Users/kashinsergei/.m2/repository/org/sonatype/aether/aether-api/1.7/aether-api-1.7.jar:/Users/kashinsergei/.m2/repository/org/sonatype/aether/aether-util/1.7/aether-util-1.7.jar:/Users/kashinsergei/.m2/repository/org/codehaus/plexus/plexus-interpolation/1.14/plexus-interpolation-1.14.jar:/Users/kashinsergei/.m2/repository/org/codehaus/plexus/plexus-classworlds/2.2.3/plexus-classworlds-2.2.3.jar:/Users/kashinsergei/.m2/repository/org/codehaus/plexus/plexus-component-annotations/1.5.5/plexus-component-annotations-1.5.5.jar:/Users/kashinsergei/.m2/repository/org/sonatype/plexus/plexus-sec-dispatcher/1.3/plexus-sec-dispatcher-1.3.jar:/Users/kashinsergei/.m2/repository/org/sonatype/plexus/plexus-cipher/1.4/plexus-cipher-1.4.jar:/Users/kashinsergei/.m2/repository/org/apache/maven/shared/maven-shared-utils/3.2.1/maven-shared-utils-3.2.1.jar:/Users/kashinsergei/.m2/repository/org/apache/maven/shared/maven-shared-incremental/1.1/maven-shared-incremental-1.1.jar:/Users/kashinsergei/.m2/repository/org/codehaus/plexus/plexus-java/0.9.10/plexus-java-0.9.10.jar:/Users/kashinsergei/.m2/repository/org/ow2/asm/asm/6.2/asm-6.2.jar:/Users/kashinsergei/.m2/repository/com/thoughtworks/qdox/qdox/2.0-M8/qdox-2.0-M8.jar:/Users/kashinsergei/.m2/repository/org/codehaus/plexus/plexus-compiler-api/2.8.4/plexus-compiler-api-2.8.4.jar:/Users/kashinsergei/.m2/repository/org/codehaus/plexus/plexus-compiler-manager/2.8.4/plexus-compiler-manager-2.8.4.jar:/Users/kashinsergei/.m2/repository/org/codehaus/plexus/plexus-compiler-javac/2.8.4/plexus-compiler-javac-2.8.4.jar:/Users/kashinsergei/.m2/repository/io/appium/java-client/7.4.1/java-client-7.4.1.jar:/Users/kashinsergei/.m2/repository/org/seleniumhq/selenium/selenium-support/3.141.59/selenium-support-3.141.59.jar:/Users/kashinsergei/.m2/repository/org/seleniumhq/selenium/selenium-api/3.141.59/selenium-api-3.141.59.jar:/Users/kashinsergei/.m2/repository/com/google/code/gson/gson/2.8.6/gson-2.8.6.jar:/Users/kashinsergei/.m2/repository/org/apache/httpcomponents/httpclient/4.5.13/httpclient-4.5.13.jar:/Users/kashinsergei/.m2/repository/org/apache/httpcomponents/httpcore/4.4.13/httpcore-4.4.13.jar:/Users/kashinsergei/.m2/repository/commons-logging/commons-logging/1.2/commons-logging-1.2.jar:/Users/kashinsergei/.m2/repository/commons-codec/commons-codec/1.11/commons-codec-1.11.jar:/Users/kashinsergei/.m2/repository/cglib/cglib/3.3.0/cglib-3.3.0.jar:/Users/kashinsergei/.m2/repository/commons-validator/commons-validator/1.7/commons-validator-1.7.jar:/Users/kashinsergei/.m2/repository/commons-beanutils/commons-beanutils/1.9.4/commons-beanutils-1.9.4.jar:/Users/kashinsergei/.m2/repository/commons-digester/commons-digester/2.1/commons-digester-2.1.jar:/Users/kashinsergei/.m2/repository/commons-collections/commons-collections/3.2.2/commons-collections-3.2.2.jar:/Users/kashinsergei/.m2/repository/org/apache/commons/commons-lang3/3.11/commons-lang3-3.11.jar:/Users/kashinsergei/.m2/repository/commons-io/commons-io/2.8.0/commons-io-2.8.0.jar:/Users/kashinsergei/.m2/repository/org/springframework/spring-context/5.3.1/spring-context-5.3.1.jar:/Users/kashinsergei/.m2/repository/org/springframework/spring-aop/5.3.1/spring-aop-5.3.1.jar:/Users/kashinsergei/.m2/repository/org/springframework/spring-beans/5.3.1/spring-beans-5.3.1.jar:/Users/kashinsergei/.m2/repository/org/springframework/spring-core/5.3.1/spring-core-5.3.1.jar:/Users/kashinsergei/.m2/repository/org/springframework/spring-jcl/5.3.1/spring-jcl-5.3.1.jar:/Users/kashinsergei/.m2/repository/org/springframework/spring-expression/5.3.1/spring-expression-5.3.1.jar:/Users/kashinsergei/.m2/repository/org/aspectj/aspectjweaver/1.9.6/aspectjweaver-1.9.6.jar:/Users/kashinsergei/.m2/repository/org/slf4j/slf4j-api/1.7.30/slf4j-api-1.7.30.jar:/Users/kashinsergei/.m2/repository/javax/xml/bind/jaxb-api/2.1/jaxb-api-2.1.jar:/Users/kashinsergei/.m2/repository/javax/xml/stream/stax-api/1.0-2/stax-api-1.0-2.jar:/Users/kashinsergei/.m2/repository/javax/activation/activation/1.1/activation-1.1.jar:/Users/kashinsergei/.m2/repository/org/seleniumhq/selenium/selenium-java/3.141.59/selenium-java-3.141.59.jar:/Users/kashinsergei/.m2/repository/org/seleniumhq/selenium/selenium-chrome-driver/3.141.59/selenium-chrome-driver-3.141.59.jar:/Users/kashinsergei/.m2/repository/org/seleniumhq/selenium/selenium-edge-driver/3.141.59/selenium-edge-driver-3.141.59.jar:/Users/kashinsergei/.m2/repository/org/seleniumhq/selenium/selenium-firefox-driver/3.141.59/selenium-firefox-driver-3.141.59.jar:/Users/kashinsergei/.m2/repository/org/seleniumhq/selenium/selenium-ie-driver/3.141.59/selenium-ie-driver-3.141.59.jar:/Users/kashinsergei/.m2/repository/org/seleniumhq/selenium/selenium-opera-driver/3.141.59/selenium-opera-driver-3.141.59.jar:/Users/kashinsergei/.m2/repository/org/seleniumhq/selenium/selenium-remote-driver/3.141.59/selenium-remote-driver-3.141.59.jar:/Users/kashinsergei/.m2/repository/org/seleniumhq/selenium/selenium-safari-driver/3.141.59/selenium-safari-driver-3.141.59.jar:/Users/kashinsergei/.m2/repository/net/bytebuddy/byte-buddy/1.8.15/byte-buddy-1.8.15.jar:/Users/kashinsergei/.m2/repository/org/apache/commons/commons-exec/1.3/commons-exec-1.3.jar:/Users/kashinsergei/.m2/repository/com/google/guava/guava/25.0-jre/guava-25.0-jre.jar:/Users/kashinsergei/.m2/repository/com/google/code/findbugs/jsr305/1.3.9/jsr305-1.3.9.jar:/Users/kashinsergei/.m2/repository/org/checkerframework/checker-compat-qual/2.0.0/checker-compat-qual-2.0.0.jar:/Users/kashinsergei/.m2/repository/com/google/errorprone/error_prone_annotations/2.1.3/error_prone_annotations-2.1.3.jar:/Users/kashinsergei/.m2/repository/com/google/j2objc/j2objc-annotations/1.1/j2objc-annotations-1.1.jar:/Users/kashinsergei/.m2/repository/org/codehaus/mojo/animal-sniffer-annotations/1.14/animal-sniffer-annotations-1.14.jar:/Users/kashinsergei/.m2/repository/com/squareup/okhttp3/okhttp/3.11.0/okhttp-3.11.0.jar:/Users/kashinsergei/.m2/repository/com/squareup/okio/okio/1.14.0/okio-1.14.0.jar:/Users/kashinsergei/.m2/repository/org/testng/testng/6.14.3/testng-6.14.3.jar:/Users/kashinsergei/.m2/repository/com/beust/jcommander/1.72/jcommander-1.72.jar:/Users/kashinsergei/.m2/repository/org/apache-extras/beanshell/bsh/2.0b6/bsh-2.0b6.jar:/Users/kashinsergei/.m2/repository/com/googlecode/json-simple/json-simple/1.1.1/json-simple-1.1.1.jar:/Users/kashinsergei/.m2/repository/junit/junit/4.10/junit-4.10.jar:/Users/kashinsergei/.m2/repository/org/hamcrest/hamcrest-core/1.1/hamcrest-core-1.1.jar:/Users/kashinsergei/.m2/repository/io/cucumber/cucumber-java/6.10.2/cucumber-java-6.10.2.jar:/Users/kashinsergei/.m2/repository/org/apiguardian/apiguardian-api/1.1.1/apiguardian-api-1.1.1.jar:/Users/kashinsergei/.m2/repository/io/cucumber/cucumber-core/6.10.2/cucumber-core-6.10.2.jar:/Users/kashinsergei/.m2/repository/io/cucumber/cucumber-gherkin/6.10.2/cucumber-gherkin-6.10.2.jar:/Users/kashinsergei/.m2/repository/io/cucumber/cucumber-gherkin-messages/6.10.2/cucumber-gherkin-messages-6.10.2.jar:/Users/kashinsergei/.m2/repository/io/cucumber/messages/14.0.1/messages-14.0.1.jar:/Users/kashinsergei/.m2/repository/io/cucumber/tag-expressions/3.0.0/tag-expressions-3.0.0.jar:/Users/kashinsergei/.m2/repository/io/cucumber/cucumber-expressions/10.3.0/cucumber-expressions-10.3.0.jar:/Users/kashinsergei/.m2/repository/io/cucumber/datatable/3.5.0/datatable-3.5.0.jar:/Users/kashinsergei/.m2/repository/io/cucumber/cucumber-plugin/6.10.2/cucumber-plugin-6.10.2.jar:/Users/kashinsergei/.m2/repository/io/cucumber/docstring/6.10.2/docstring-6.10.2.jar:/Users/kashinsergei/.m2/repository/io/cucumber/html-formatter/12.0.0/html-formatter-12.0.0.jar:/Users/kashinsergei/.m2/repository/io/cucumber/create-meta/3.0.0/create-meta-3.0.0.jar:/Users/kashinsergei/.m2/repository/io/cucumber/gherkin/17.0.2/gherkin-17.0.2.jar:/Users/kashinsergei/.m2/repository/io/cucumber/cucumber-testng/6.10.2/cucumber-testng-6.10.2.jar:"/>
    <property name="java.vm.vendor" value="Homebrew"/>
    <property name="sun.arch.data.model" value="64"/>
    <property name="java.vendor.url" value="https://github.com/Homebrew/homebrew-core/issues"/>
    <property name="user.timezone" value="Asia/Almaty"/>
    <property name="os.name" value="Mac OS X"/>
    <property name="java.vm.specification.version" value="19"/>
    <property name="sun.java.launcher" value="SUN_STANDARD"/>
    <property name="user.country" value="KZ"/>
    <property name="sun.boot.library.path" value="/opt/homebrew/Cellar/openjdk/19.0.1/libexec/openjdk.jdk/Contents/Home/lib"/>
    <property name="sun.java.command" value="/Users/kashinsergei/IdeaProjects/test/target/surefire/surefirebooter-20221202124234911_3.jar /Users/kashinsergei/IdeaProjects/test/target/surefire 2022-12-02T12-42-34_794-jvmRun1 surefire-20221202124234911_1tmp surefire_0-20221202124234911_2tmp"/>
    <property name="http.nonProxyHosts" value="local|*.local|169.254/16|*.169.254/16"/>
    <property name="jdk.debug" value="release"/>
    <property name="test" value="todoAndroid"/>
    <property name="surefire.test.class.path" value="/Users/kashinsergei/IdeaProjects/test/target/test-classes:/Users/kashinsergei/IdeaProjects/test/target/classes:/Users/kashinsergei/.m2/repository/io/qameta/allure/allure-testng/2.20.0/allure-testng-2.20.0.jar:/Users/kashinsergei/.m2/repository/io/qameta/allure/allure-java-commons/2.20.0/allure-java-commons-2.20.0.jar:/Users/kashinsergei/.m2/repository/io/qameta/allure/allure-model/2.20.0/allure-model-2.20.0.jar:/Users/kashinsergei/.m2/repository/io/qameta/allure/allure-test-filter/2.20.0/allure-test-filter-2.20.0.jar:/Users/kashinsergei/.m2/repository/org/apache/maven/plugins/maven-compiler-plugin/3.8.1/maven-compiler-plugin-3.8.1.jar:/Users/kashinsergei/.m2/repository/org/apache/maven/maven-plugin-api/3.0/maven-plugin-api-3.0.jar:/Users/kashinsergei/.m2/repository/org/apache/maven/maven-model/3.0/maven-model-3.0.jar:/Users/kashinsergei/.m2/repository/org/sonatype/sisu/sisu-inject-plexus/1.4.2/sisu-inject-plexus-1.4.2.jar:/Users/kashinsergei/.m2/repository/org/sonatype/sisu/sisu-inject-bean/1.4.2/sisu-inject-bean-1.4.2.jar:/Users/kashinsergei/.m2/repository/org/sonatype/sisu/sisu-guice/2.1.7/sisu-guice-2.1.7-noaop.jar:/Users/kashinsergei/.m2/repository/org/apache/maven/maven-artifact/3.0/maven-artifact-3.0.jar:/Users/kashinsergei/.m2/repository/org/codehaus/plexus/plexus-utils/2.0.4/plexus-utils-2.0.4.jar:/Users/kashinsergei/.m2/repository/org/apache/maven/maven-core/3.0/maven-core-3.0.jar:/Users/kashinsergei/.m2/repository/org/apache/maven/maven-settings/3.0/maven-settings-3.0.jar:/Users/kashinsergei/.m2/repository/org/apache/maven/maven-settings-builder/3.0/maven-settings-builder-3.0.jar:/Users/kashinsergei/.m2/repository/org/apache/maven/maven-repository-metadata/3.0/maven-repository-metadata-3.0.jar:/Users/kashinsergei/.m2/repository/org/apache/maven/maven-model-builder/3.0/maven-model-builder-3.0.jar:/Users/kashinsergei/.m2/repository/org/apache/maven/maven-aether-provider/3.0/maven-aether-provider-3.0.jar:/Users/kashinsergei/.m2/repository/org/sonatype/aether/aether-impl/1.7/aether-impl-1.7.jar:/Users/kashinsergei/.m2/repository/org/sonatype/aether/aether-spi/1.7/aether-spi-1.7.jar:/Users/kashinsergei/.m2/repository/org/sonatype/aether/aether-api/1.7/aether-api-1.7.jar:/Users/kashinsergei/.m2/repository/org/sonatype/aether/aether-util/1.7/aether-util-1.7.jar:/Users/kashinsergei/.m2/repository/org/codehaus/plexus/plexus-interpolation/1.14/plexus-interpolation-1.14.jar:/Users/kashinsergei/.m2/repository/org/codehaus/plexus/plexus-classworlds/2.2.3/plexus-classworlds-2.2.3.jar:/Users/kashinsergei/.m2/repository/org/codehaus/plexus/plexus-component-annotations/1.5.5/plexus-component-annotations-1.5.5.jar:/Users/kashinsergei/.m2/repository/org/sonatype/plexus/plexus-sec-dispatcher/1.3/plexus-sec-dispatcher-1.3.jar:/Users/kashinsergei/.m2/repository/org/sonatype/plexus/plexus-cipher/1.4/plexus-cipher-1.4.jar:/Users/kashinsergei/.m2/repository/org/apache/maven/shared/maven-shared-utils/3.2.1/maven-shared-utils-3.2.1.jar:/Users/kashinsergei/.m2/repository/org/apache/maven/shared/maven-shared-incremental/1.1/maven-shared-incremental-1.1.jar:/Users/kashinsergei/.m2/repository/org/codehaus/plexus/plexus-java/0.9.10/plexus-java-0.9.10.jar:/Users/kashinsergei/.m2/repository/org/ow2/asm/asm/6.2/asm-6.2.jar:/Users/kashinsergei/.m2/repository/com/thoughtworks/qdox/qdox/2.0-M8/qdox-2.0-M8.jar:/Users/kashinsergei/.m2/repository/org/codehaus/plexus/plexus-compiler-api/2.8.4/plexus-compiler-api-2.8.4.jar:/Users/kashinsergei/.m2/repository/org/codehaus/plexus/plexus-compiler-manager/2.8.4/plexus-compiler-manager-2.8.4.jar:/Users/kashinsergei/.m2/repository/org/codehaus/plexus/plexus-compiler-javac/2.8.4/plexus-compiler-javac-2.8.4.jar:/Users/kashinsergei/.m2/repository/io/appium/java-client/7.4.1/java-client-7.4.1.jar:/Users/kashinsergei/.m2/repository/org/seleniumhq/selenium/selenium-support/3.141.59/selenium-support-3.141.59.jar:/Users/kashinsergei/.m2/repository/org/seleniumhq/selenium/selenium-api/3.141.59/selenium-api-3.141.59.jar:/Users/kashinsergei/.m2/repository/com/google/code/gson/gson/2.8.6/gson-2.8.6.jar:/Users/kashinsergei/.m2/repository/org/apache/httpcomponents/httpclient/4.5.13/httpclient-4.5.13.jar:/Users/kashinsergei/.m2/repository/org/apache/httpcomponents/httpcore/4.4.13/httpcore-4.4.13.jar:/Users/kashinsergei/.m2/repository/commons-logging/commons-logging/1.2/commons-logging-1.2.jar:/Users/kashinsergei/.m2/repository/commons-codec/commons-codec/1.11/commons-codec-1.11.jar:/Users/kashinsergei/.m2/repository/cglib/cglib/3.3.0/cglib-3.3.0.jar:/Users/kashinsergei/.m2/repository/commons-validator/commons-validator/1.7/commons-validator-1.7.jar:/Users/kashinsergei/.m2/repository/commons-beanutils/commons-beanutils/1.9.4/commons-beanutils-1.9.4.jar:/Users/kashinsergei/.m2/repository/commons-digester/commons-digester/2.1/commons-digester-2.1.jar:/Users/kashinsergei/.m2/repository/commons-collections/commons-collections/3.2.2/commons-collections-3.2.2.jar:/Users/kashinsergei/.m2/repository/org/apache/commons/commons-lang3/3.11/commons-lang3-3.11.jar:/Users/kashinsergei/.m2/repository/commons-io/commons-io/2.8.0/commons-io-2.8.0.jar:/Users/kashinsergei/.m2/repository/org/springframework/spring-context/5.3.1/spring-context-5.3.1.jar:/Users/kashinsergei/.m2/repository/org/springframework/spring-aop/5.3.1/spring-aop-5.3.1.jar:/Users/kashinsergei/.m2/repository/org/springframework/spring-beans/5.3.1/spring-beans-5.3.1.jar:/Users/kashinsergei/.m2/repository/org/springframework/spring-core/5.3.1/spring-core-5.3.1.jar:/Users/kashinsergei/.m2/repository/org/springframework/spring-jcl/5.3.1/spring-jcl-5.3.1.jar:/Users/kashinsergei/.m2/repository/org/springframework/spring-expression/5.3.1/spring-expression-5.3.1.jar:/Users/kashinsergei/.m2/repository/org/aspectj/aspectjweaver/1.9.6/aspectjweaver-1.9.6.jar:/Users/kashinsergei/.m2/repository/org/slf4j/slf4j-api/1.7.30/slf4j-api-1.7.30.jar:/Users/kashinsergei/.m2/repository/javax/xml/bind/jaxb-api/2.1/jaxb-api-2.1.jar:/Users/kashinsergei/.m2/repository/javax/xml/stream/stax-api/1.0-2/stax-api-1.0-2.jar:/Users/kashinsergei/.m2/repository/javax/activation/activation/1.1/activation-1.1.jar:/Users/kashinsergei/.m2/repository/org/seleniumhq/selenium/selenium-java/3.141.59/selenium-java-3.141.59.jar:/Users/kashinsergei/.m2/repository/org/seleniumhq/selenium/selenium-chrome-driver/3.141.59/selenium-chrome-driver-3.141.59.jar:/Users/kashinsergei/.m2/repository/org/seleniumhq/selenium/selenium-edge-driver/3.141.59/selenium-edge-driver-3.141.59.jar:/Users/kashinsergei/.m2/repository/org/seleniumhq/selenium/selenium-firefox-driver/3.141.59/selenium-firefox-driver-3.141.59.jar:/Users/kashinsergei/.m2/repository/org/seleniumhq/selenium/selenium-ie-driver/3.141.59/selenium-ie-driver-3.141.59.jar:/Users/kashinsergei/.m2/repository/org/seleniumhq/selenium/selenium-opera-driver/3.141.59/selenium-opera-driver-3.141.59.jar:/Users/kashinsergei/.m2/repository/org/seleniumhq/selenium/selenium-remote-driver/3.141.59/selenium-remote-driver-3.141.59.jar:/Users/kashinsergei/.m2/repository/org/seleniumhq/selenium/selenium-safari-driver/3.141.59/selenium-safari-driver-3.141.59.jar:/Users/kashinsergei/.m2/repository/net/bytebuddy/byte-buddy/1.8.15/byte-buddy-1.8.15.jar:/Users/kashinsergei/.m2/repository/org/apache/commons/commons-exec/1.3/commons-exec-1.3.jar:/Users/kashinsergei/.m2/repository/com/google/guava/guava/25.0-jre/guava-25.0-jre.jar:/Users/kashinsergei/.m2/repository/com/google/code/findbugs/jsr305/1.3.9/jsr305-1.3.9.jar:/Users/kashinsergei/.m2/repository/org/checkerframework/checker-compat-qual/2.0.0/checker-compat-qual-2.0.0.jar:/Users/kashinsergei/.m2/repository/com/google/errorprone/error_prone_annotations/2.1.3/error_prone_annotations-2.1.3.jar:/Users/kashinsergei/.m2/repository/com/google/j2objc/j2objc-annotations/1.1/j2objc-annotations-1.1.jar:/Users/kashinsergei/.m2/repository/org/codehaus/mojo/animal-sniffer-annotations/1.14/animal-sniffer-annotations-1.14.jar:/Users/kashinsergei/.m2/repository/com/squareup/okhttp3/okhttp/3.11.0/okhttp-3.11.0.jar:/Users/kashinsergei/.m2/repository/com/squareup/okio/okio/1.14.0/okio-1.14.0.jar:/Users/kashinsergei/.m2/repository/org/testng/testng/6.14.3/testng-6.14.3.jar:/Users/kashinsergei/.m2/repository/com/beust/jcommander/1.72/jcommander-1.72.jar:/Users/kashinsergei/.m2/repository/org/apache-extras/beanshell/bsh/2.0b6/bsh-2.0b6.jar:/Users/kashinsergei/.m2/repository/com/googlecode/json-simple/json-simple/1.1.1/json-simple-1.1.1.jar:/Users/kashinsergei/.m2/repository/junit/junit/4.10/junit-4.10.jar:/Users/kashinsergei/.m2/repository/org/hamcrest/hamcrest-core/1.1/hamcrest-core-1.1.jar:/Users/kashinsergei/.m2/repository/io/cucumber/cucumber-java/6.10.2/cucumber-java-6.10.2.jar:/Users/kashinsergei/.m2/repository/org/apiguardian/apiguardian-api/1.1.1/apiguardian-api-1.1.1.jar:/Users/kashinsergei/.m2/repository/io/cucumber/cucumber-core/6.10.2/cucumber-core-6.10.2.jar:/Users/kashinsergei/.m2/repository/io/cucumber/cucumber-gherkin/6.10.2/cucumber-gherkin-6.10.2.jar:/Users/kashinsergei/.m2/repository/io/cucumber/cucumber-gherkin-messages/6.10.2/cucumber-gherkin-messages-6.10.2.jar:/Users/kashinsergei/.m2/repository/io/cucumber/messages/14.0.1/messages-14.0.1.jar:/Users/kashinsergei/.m2/repository/io/cucumber/tag-expressions/3.0.0/tag-expressions-3.0.0.jar:/Users/kashinsergei/.m2/repository/io/cucumber/cucumber-expressions/10.3.0/cucumber-expressions-10.3.0.jar:/Users/kashinsergei/.m2/repository/io/cucumber/datatable/3.5.0/datatable-3.5.0.jar:/Users/kashinsergei/.m2/repository/io/cucumber/cucumber-plugin/6.10.2/cucumber-plugin-6.10.2.jar:/Users/kashinsergei/.m2/repository/io/cucumber/docstring/6.10.2/docstring-6.10.2.jar:/Users/kashinsergei/.m2/repository/io/cucumber/html-formatter/12.0.0/html-formatter-12.0.0.jar:/Users/kashinsergei/.m2/repository/io/cucumber/create-meta/3.0.0/create-meta-3.0.0.jar:/Users/kashinsergei/.m2/repository/io/cucumber/gherkin/17.0.2/gherkin-17.0.2.jar:/Users/kashinsergei/.m2/repository/io/cucumber/cucumber-testng/6.10.2/cucumber-testng-6.10.2.jar:"/>
    <property name="allure.results.directory" value="/Users/kashinsergei/IdeaProjects/test/target/allure-results"/>
    <property name="sun.cpu.endian" value="little"/>
    <property name="user.home" value="/Users/kashinsergei"/>
    <property name="user.language" value="ru"/>
    <property name="java.specification.vendor" value="Oracle Corporation"/>
    <property name="java.version.date" value="2022-10-18"/>
    <property name="java.home" value="/opt/homebrew/Cellar/openjdk/19.0.1/libexec/openjdk.jdk/Contents/Home"/>
    <property name="file.separator" value="/"/>
    <property name="basedir" value="/Users/kashinsergei/IdeaProjects/test"/>
    <property name="java.vm.compressedOopsMode" value="Zero based"/>
    <property name="line.separator" value="&#10;"/>
    <property name="java.vm.specification.vendor" value="Oracle Corporation"/>
    <property name="java.specification.name" value="Java Platform API Specification"/>
    <property name="apple.awt.application.name" value="ForkedBooter"/>
    <property name="surefire.real.class.path" value="/Users/kashinsergei/IdeaProjects/test/target/surefire/surefirebooter-20221202124234911_3.jar"/>
    <property name="sun.management.compiler" value="HotSpot 64-Bit Tiered Compilers"/>
    <property name="ftp.nonProxyHosts" value="local|*.local|169.254/16|*.169.254/16"/>
    <property name="java.runtime.version" value="19.0.1"/>
    <property name="user.name" value="kashinsergei"/>
    <property name="stdout.encoding" value="US-ASCII"/>
    <property name="path.separator" value=":"/>
    <property name="os.version" value="12.0.1"/>
    <property name="java.runtime.name" value="OpenJDK Runtime Environment"/>
    <property name="file.encoding" value="UTF-8"/>
    <property name="java.vm.name" value="OpenJDK 64-Bit Server VM"/>
    <property name="java.vendor.version" value="Homebrew"/>
    <property name="localRepository" value="/Users/kashinsergei/.m2/repository"/>
    <property name="java.vendor.url.bug" value="https://github.com/Homebrew/homebrew-core/issues"/>
    <property name="java.io.tmpdir" value="/var/folders/q9/mqmvfspj4k1fr_ybdtztxrt80000gn/T/"/>
    <property name="java.version" value="19.0.1"/>
    <property name="user.dir" value="/Users/kashinsergei/IdeaProjects/test"/>
    <property name="os.arch" value="aarch64"/>
    <property name="java.vm.specification.name" value="Java Virtual Machine Specification"/>
    <property name="native.encoding" value="US-ASCII"/>
    <property name="java.library.path" value="/Users/kashinsergei/Library/Java/Extensions:/Library/Java/Extensions:/Network/Library/Java/Extensions:/System/Library/Java/Extensions:/usr/lib/java:."/>
    <property name="java.vm.info" value="mixed mode, sharing"/>
    <property name="stderr.encoding" value="US-ASCII"/>
    <property name="java.vendor" value="Homebrew"/>
    <property name="java.vm.version" value="19.0.1"/>
    <property name="sun.io.unicode.encoding" value="UnicodeBig"/>
    <property name="socksNonProxyHosts" value="local|*.local|169.254/16|*.169.254/16"/>
    <property name="java.class.version" value="63.0"/>
  </properties>
  <testcase name="auth_invalid" classname="todoAndroid" time="18.396">
    <system-out><![CDATA[я родился
]]></system-out>
    <system-err><![CDATA[SLF4J: Failed to load class "org.slf4j.impl.StaticLoggerBinder".
SLF4J: Defaulting to no-operation (NOP) logger implementation
SLF4J: See http://www.slf4j.org/codes.html#StaticLoggerBinder for further details.
дек. 02, 2022 12:42:45 PM io.appium.java_client.remote.AppiumCommandExecutor$1 lambda$0
INFO: Detected dialect: W3C
]]></system-err>
  </testcase>
  <testcase name="auth_not_filled_login" classname="todoAndroid" time="11.743">
    <system-out><![CDATA[я родился
]]></system-out>
    <system-err><![CDATA[дек. 02, 2022 12:43:01 PM io.appium.java_client.remote.AppiumCommandExecutor$1 lambda$0
INFO: Detected dialect: W3C
]]></system-err>
  </testcase>
  <testcase name="auth_not_filled_pass" classname="todoAndroid" time="11.98">
    <system-out><![CDATA[я родился
]]></system-out>
    <system-err><![CDATA[дек. 02, 2022 12:43:13 PM io.appium.java_client.remote.AppiumCommandExecutor$1 lambda$0
INFO: Detected dialect: W3C
]]></system-err>
  </testcase>
  <testcase name="auth_valid" classname="todoAndroid" time="13.813">
    <system-out><![CDATA[я родился
]]></system-out>
    <system-err><![CDATA[дек. 02, 2022 12:43:25 PM io.appium.java_client.remote.AppiumCommandExecutor$1 lambda$0
INFO: Detected dialect: W3C
]]></system-err>
  </testcase>
</testsuite>