<?xml version="1.0" encoding="UTF-8"?>
<!-- Generated by org.testng.reporters.JUnitReportReporter -->
<testsuite hostname="MacBook-Air-Kasin.local" failures="0" tests="4" name="todoAndroid" time="56.076" errors="0" timestamp="02 дек. 2022 06:43:32 GMT" skipped="0">
  <testcase classname="todoAndroid" name="auth_valid" time="13.815"/>
  <testcase classname="todoAndroid" name="auth_not_filled_pass" time="11.975"/>
  <testcase classname="todoAndroid" name="auth_invalid" time="18.548"/>
  <testcase classname="todoAndroid" name="auth_not_filled_login" time="11.738"/>
</testsuite> <!-- todoAndroid -->
