<?xml version="1.0" encoding="UTF-8"?>
<!-- Generated by org.testng.reporters.JUnitReportReporter -->
<testsuite hostname="MacBook-Air-Kasin.local" failures="0" tests="1" name="todoAndroid" time="5.922" errors="0" timestamp="01 дек. 2022 05:15:14 GMT" skipped="0">
  <testcase classname="todoAndroid" name="auth" time="5.922"/>
</testsuite> <!-- todoAndroid -->
